2018-09-08.00:53:25.939  INFO TraceId[] [main] c.e.s.ShiroApplication.logStarting:48 Starting ShiroApplication on MrDing-PC with PID 10756 (D:\IDEworkspace\springBootTest\shiro\target\classes started by MrDing in D:\IDEworkspace\springBootTest)
2018-09-08.00:53:25.949  INFO TraceId[] [main] c.e.s.ShiroApplication.logStartupProfileInfo:593 No active profile set, falling back to default profiles: default
2018-09-08.00:53:29.119  INFO TraceId[] [main] c.e.s.ShiroApplication.logStarted:57 Started ShiroApplication in 3.443 seconds (JVM running for 7.157)
2018-09-08.01:04:21.808  INFO TraceId[] [main] c.e.s.ShiroApplication.logStarting:48 Starting ShiroApplication on MrDing-PC with PID 6192 (D:\IDEworkspace\springBootTest\shiro\target\classes started by MrDing in D:\IDEworkspace\springBootTest)
2018-09-08.01:04:21.813  INFO TraceId[] [main] c.e.s.ShiroApplication.logStartupProfileInfo:593 No active profile set, falling back to default profiles: default
2018-09-08.01:04:25.279  INFO TraceId[] [main] c.e.s.ShiroApplication.logStarted:57 Started ShiroApplication in 3.962 seconds (JVM running for 5.437)
2018-09-08.01:08:41.454  INFO TraceId[] [main] c.e.s.ShiroApplication.logStarting:48 Starting ShiroApplication on MrDing-PC with PID 11992 (D:\IDEworkspace\springBootTest\shiro\target\classes started by MrDing in D:\IDEworkspace\springBootTest)
2018-09-08.01:08:41.458  INFO TraceId[] [main] c.e.s.ShiroApplication.logStartupProfileInfo:593 No active profile set, falling back to default profiles: default
2018-09-08.01:08:45.258  INFO TraceId[] [main] c.e.s.ShiroApplication.logStarted:57 Started ShiroApplication in 4.047 seconds (JVM running for 7.108)
2018-09-08.02:15:51.939  INFO TraceId[] [main] c.e.s.ShiroApplication.logStarting:48 Starting ShiroApplication on MrDing-PC with PID 10952 (D:\IDEworkspace\springBootTest\shiro\target\classes started by MrDing in D:\IDEworkspace\springBootTest)
2018-09-08.02:15:51.944  INFO TraceId[] [main] c.e.s.ShiroApplication.logStartupProfileInfo:593 No active profile set, falling back to default profiles: default
2018-09-08.02:15:54.240  INFO TraceId[] [main] c.e.s.c.RedisConfig.getConnectionFactory:38 JedisConnectionFactory bean init success.......
2018-09-08.02:15:55.117  INFO TraceId[] [main] c.e.s.ShiroApplication.logStarted:57 Started ShiroApplication in 3.594 seconds (JVM running for 5.139)
2018-09-08.02:19:46.411  INFO TraceId[] [main] c.e.s.ShiroApplication.logStarting:48 Starting ShiroApplication on MrDing-PC with PID 11128 (D:\IDEworkspace\springBootTest\shiro\target\classes started by MrDing in D:\IDEworkspace\springBootTest)
2018-09-08.02:19:46.418  INFO TraceId[] [main] c.e.s.ShiroApplication.logStartupProfileInfo:593 No active profile set, falling back to default profiles: default
2018-09-08.02:19:48.652  INFO TraceId[] [main] c.e.s.c.RedisConfig.getConnectionFactory:38 JedisConnectionFactory bean init success.......
2018-09-08.02:19:49.829  INFO TraceId[] [main] c.e.s.ShiroApplication.logStarted:57 Started ShiroApplication in 3.889 seconds (JVM running for 5.936)
2018-09-08.02:25:05.384  INFO TraceId[] [main] c.e.s.ShiroApplication.logStarting:48 Starting ShiroApplication on MrDing-PC with PID 12584 (D:\IDEworkspace\springBootTest\shiro\target\classes started by MrDing in D:\IDEworkspace\springBootTest)
2018-09-08.02:25:05.388  INFO TraceId[] [main] c.e.s.ShiroApplication.logStartupProfileInfo:593 No active profile set, falling back to default profiles: default
2018-09-08.02:25:07.614  INFO TraceId[] [main] c.e.s.c.RedisConfig.getConnectionFactory:38 JedisConnectionFactory bean init success.......
2018-09-08.02:25:08.435  INFO TraceId[] [main] c.e.s.ShiroApplication.logStarted:57 Started ShiroApplication in 3.441 seconds (JVM running for 4.716)
2018-09-08.02:50:10.903  INFO TraceId[] [main] c.e.s.ShiroApplication.logStarting:48 Starting ShiroApplication on MrDing-PC with PID 12152 (D:\IDEworkspace\springBootTest\shiro\target\classes started by MrDing in D:\IDEworkspace\springBootTest)
2018-09-08.02:50:10.909  INFO TraceId[] [main] c.e.s.ShiroApplication.logStartupProfileInfo:593 No active profile set, falling back to default profiles: default
2018-09-08.02:50:13.070  INFO TraceId[] [main] c.e.s.c.RedisConfig.getConnectionFactory:38 JedisConnectionFactory bean init success.......
2018-09-08.02:50:13.897  INFO TraceId[] [main] c.e.s.ShiroApplication.logStarted:57 Started ShiroApplication in 3.494 seconds (JVM running for 4.857)
2018-09-08.04:01:03.645  INFO TraceId[] [main] c.e.s.ShiroApplication.logStarting:48 Starting ShiroApplication on MrDing-PC with PID 2076 (D:\IDEworkspace\springBootTest\shiro\target\classes started by MrDing in D:\IDEworkspace\springBootTest)
2018-09-08.04:01:03.650  INFO TraceId[] [main] c.e.s.ShiroApplication.logStartupProfileInfo:593 No active profile set, falling back to default profiles: default
2018-09-08.04:01:05.745  INFO TraceId[] [main] c.e.s.c.RedisConfig.getConnectionFactory:40 JedisConnectionFactory bean init success.......
2018-09-08.04:01:06.573  INFO TraceId[] [main] c.e.s.ShiroApplication.logStarted:57 Started ShiroApplication in 3.496 seconds (JVM running for 4.884)
2018-09-08.04:01:25.371  INFO TraceId[] [main] c.e.s.ShiroApplication.logStarting:48 Starting ShiroApplication on MrDing-PC with PID 6576 (D:\IDEworkspace\springBootTest\shiro\target\classes started by MrDing in D:\IDEworkspace\springBootTest)
2018-09-08.04:01:25.376  INFO TraceId[] [main] c.e.s.ShiroApplication.logStartupProfileInfo:593 No active profile set, falling back to default profiles: default
2018-09-08.04:01:27.776  INFO TraceId[] [main] c.e.s.c.RedisConfig.getConnectionFactory:40 JedisConnectionFactory bean init success.......
2018-09-08.04:01:29.418  INFO TraceId[] [main] c.e.s.ShiroApplication.logStarted:57 Started ShiroApplication in 4.481 seconds (JVM running for 6.092)
2018-09-08.04:02:00.713  INFO TraceId[] [main] c.e.s.ShiroApplication.logStarting:48 Starting ShiroApplication on MrDing-PC with PID 8940 (D:\IDEworkspace\springBootTest\shiro\target\classes started by MrDing in D:\IDEworkspace\springBootTest)
2018-09-08.04:02:00.718  INFO TraceId[] [main] c.e.s.ShiroApplication.logStartupProfileInfo:593 No active profile set, falling back to default profiles: default
2018-09-08.04:02:02.966  INFO TraceId[] [main] c.e.s.c.RedisConfig.getConnectionFactory:40 JedisConnectionFactory bean init success.......
2018-09-08.04:02:04.148  INFO TraceId[] [main] c.e.s.ShiroApplication.logStarted:57 Started ShiroApplication in 3.888 seconds (JVM running for 5.576)
2018-09-08.04:03:46.011  INFO TraceId[] [main] c.e.s.ShiroApplication.logStarting:48 Starting ShiroApplication on MrDing-PC with PID 6536 (D:\IDEworkspace\springBootTest\shiro\target\classes started by MrDing in D:\IDEworkspace\springBootTest)
2018-09-08.04:03:46.015  INFO TraceId[] [main] c.e.s.ShiroApplication.logStartupProfileInfo:593 No active profile set, falling back to default profiles: default
2018-09-08.04:03:49.020  INFO TraceId[] [main] c.e.s.c.RedisConfig.getConnectionFactory:40 JedisConnectionFactory bean init success.......
2018-09-08.04:03:50.461  INFO TraceId[] [main] c.e.s.ShiroApplication.logStarted:57 Started ShiroApplication in 4.923 seconds (JVM running for 6.457)
2018-09-08.04:04:09.694  ERROR TraceId[] [http-nio-8080-exec-1] c.e.s.c.RedisConfig.lambda$getJedisProxy$0:71 jedis.set()出错,args=[null, dingaybin]
2018-09-08.04:05:41.795  INFO TraceId[] [main] c.e.s.ShiroApplication.logStarting:48 Starting ShiroApplication on MrDing-PC with PID 3168 (D:\IDEworkspace\springBootTest\shiro\target\classes started by MrDing in D:\IDEworkspace\springBootTest)
2018-09-08.04:05:41.801  INFO TraceId[] [main] c.e.s.ShiroApplication.logStartupProfileInfo:593 No active profile set, falling back to default profiles: default
2018-09-08.04:05:44.045  INFO TraceId[] [main] c.e.s.c.RedisConfig.getConnectionFactory:40 JedisConnectionFactory bean init success.......
2018-09-08.04:05:45.229  INFO TraceId[] [main] c.e.s.ShiroApplication.logStarted:57 Started ShiroApplication in 3.826 seconds (JVM running for 5.572)
2018-09-08.04:05:49.618  ERROR TraceId[] [http-nio-8080-exec-1] c.e.s.c.RedisConfig.lambda$getJedisProxy$0:71 jedis.set()出错,args=[null, dingaybin]
java.lang.reflect.InvocationTargetException: null
	at sun.reflect.NativeMethodAccessorImpl.invoke0(Native Method)
	at sun.reflect.NativeMethodAccessorImpl.invoke(NativeMethodAccessorImpl.java:62)
	at sun.reflect.DelegatingMethodAccessorImpl.invoke(DelegatingMethodAccessorImpl.java:43)
	at java.lang.reflect.Method.invoke(Method.java:497)
	at com.example.shiro.config.RedisConfig.lambda$getJedisProxy$0(RedisConfig.java:69)
	at redis.clients.jedis.Jedis$$EnhancerByCGLIB$$82bb3d0.set(<generated>)
	at com.example.shiro.controller.ShiroController.tets(ShiroController.java:19)
	at sun.reflect.NativeMethodAccessorImpl.invoke0(Native Method)
	at sun.reflect.NativeMethodAccessorImpl.invoke(NativeMethodAccessorImpl.java:62)
	at sun.reflect.DelegatingMethodAccessorImpl.invoke(DelegatingMethodAccessorImpl.java:43)
	at java.lang.reflect.Method.invoke(Method.java:497)
	at org.springframework.web.method.support.InvocableHandlerMethod.doInvoke(InvocableHandlerMethod.java:205)
	at org.springframework.web.method.support.InvocableHandlerMethod.invokeForRequest(InvocableHandlerMethod.java:133)
	at org.springframework.web.servlet.mvc.method.annotation.ServletInvocableHandlerMethod.invokeAndHandle(ServletInvocableHandlerMethod.java:97)
	at org.springframework.web.servlet.mvc.method.annotation.RequestMappingHandlerAdapter.invokeHandlerMethod(RequestMappingHandlerAdapter.java:827)
	at org.springframework.web.servlet.mvc.method.annotation.RequestMappingHandlerAdapter.handleInternal(RequestMappingHandlerAdapter.java:738)
	at org.springframework.web.servlet.mvc.method.AbstractHandlerMethodAdapter.handle(AbstractHandlerMethodAdapter.java:85)
	at org.springframework.web.servlet.DispatcherServlet.doDispatch(DispatcherServlet.java:967)
	at org.springframework.web.servlet.DispatcherServlet.doService(DispatcherServlet.java:901)
	at org.springframework.web.servlet.FrameworkServlet.processRequest(FrameworkServlet.java:970)
	at org.springframework.web.servlet.FrameworkServlet.doGet(FrameworkServlet.java:861)
	at javax.servlet.http.HttpServlet.service(HttpServlet.java:635)
	at org.springframework.web.servlet.FrameworkServlet.service(FrameworkServlet.java:846)
	at javax.servlet.http.HttpServlet.service(HttpServlet.java:742)
	at org.apache.catalina.core.ApplicationFilterChain.internalDoFilter(ApplicationFilterChain.java:231)
	at org.apache.catalina.core.ApplicationFilterChain.doFilter(ApplicationFilterChain.java:166)
	at org.apache.tomcat.websocket.server.WsFilter.doFilter(WsFilter.java:52)
	at org.apache.catalina.core.ApplicationFilterChain.internalDoFilter(ApplicationFilterChain.java:193)
	at org.apache.catalina.core.ApplicationFilterChain.doFilter(ApplicationFilterChain.java:166)
	at org.springframework.web.filter.RequestContextFilter.doFilterInternal(RequestContextFilter.java:99)
	at org.springframework.web.filter.OncePerRequestFilter.doFilter(OncePerRequestFilter.java:107)
	at org.apache.catalina.core.ApplicationFilterChain.internalDoFilter(ApplicationFilterChain.java:193)
	at org.apache.catalina.core.ApplicationFilterChain.doFilter(ApplicationFilterChain.java:166)
	at org.springframework.web.filter.HttpPutFormContentFilter.doFilterInternal(HttpPutFormContentFilter.java:105)
	at org.springframework.web.filter.OncePerRequestFilter.doFilter(OncePerRequestFilter.java:107)
	at org.apache.catalina.core.ApplicationFilterChain.internalDoFilter(ApplicationFilterChain.java:193)
	at org.apache.catalina.core.ApplicationFilterChain.doFilter(ApplicationFilterChain.java:166)
	at org.springframework.web.filter.HiddenHttpMethodFilter.doFilterInternal(HiddenHttpMethodFilter.java:81)
	at org.springframework.web.filter.OncePerRequestFilter.doFilter(OncePerRequestFilter.java:107)
	at org.apache.catalina.core.ApplicationFilterChain.internalDoFilter(ApplicationFilterChain.java:193)
	at org.apache.catalina.core.ApplicationFilterChain.doFilter(ApplicationFilterChain.java:166)
	at org.springframework.web.filter.CharacterEncodingFilter.doFilterInternal(CharacterEncodingFilter.java:197)
	at org.springframework.web.filter.OncePerRequestFilter.doFilter(OncePerRequestFilter.java:107)
	at org.apache.catalina.core.ApplicationFilterChain.internalDoFilter(ApplicationFilterChain.java:193)
	at org.apache.catalina.core.ApplicationFilterChain.doFilter(ApplicationFilterChain.java:166)
	at org.apache.catalina.core.StandardWrapperValve.invoke(StandardWrapperValve.java:198)
	at org.apache.catalina.core.StandardContextValve.invoke(StandardContextValve.java:96)
	at org.apache.catalina.authenticator.AuthenticatorBase.invoke(AuthenticatorBase.java:478)
	at org.apache.catalina.core.StandardHostValve.invoke(StandardHostValve.java:140)
	at org.apache.catalina.valves.ErrorReportValve.invoke(ErrorReportValve.java:80)
	at org.apache.catalina.core.StandardEngineValve.invoke(StandardEngineValve.java:87)
	at org.apache.catalina.connector.CoyoteAdapter.service(CoyoteAdapter.java:342)
	at org.apache.coyote.http11.Http11Processor.service(Http11Processor.java:799)
	at org.apache.coyote.AbstractProcessorLight.process(AbstractProcessorLight.java:66)
	at org.apache.coyote.AbstractProtocol$ConnectionHandler.process(AbstractProtocol.java:868)
	at org.apache.tomcat.util.net.NioEndpoint$SocketProcessor.doRun(NioEndpoint.java:1455)
	at org.apache.tomcat.util.net.SocketProcessorBase.run(SocketProcessorBase.java:49)
	at java.util.concurrent.ThreadPoolExecutor.runWorker(ThreadPoolExecutor.java:1142)
	at java.util.concurrent.ThreadPoolExecutor$Worker.run(ThreadPoolExecutor.java:617)
	at org.apache.tomcat.util.threads.TaskThread$WrappingRunnable.run(TaskThread.java:61)
	at java.lang.Thread.run(Thread.java:745)
Caused by: redis.clients.jedis.exceptions.JedisDataException: value sent to redis cannot be null
	at redis.clients.util.SafeEncoder.encode(SafeEncoder.java:28)
	at redis.clients.jedis.Client.set(Client.java:47)
	at redis.clients.jedis.Jedis.set(Jedis.java:120)
	... 61 common frames omitted
2018-09-08.04:07:11.550  INFO TraceId[] [main] c.e.s.ShiroApplication.logStarting:48 Starting ShiroApplication on MrDing-PC with PID 11044 (D:\IDEworkspace\springBootTest\shiro\target\classes started by MrDing in D:\IDEworkspace\springBootTest)
2018-09-08.04:07:11.555  INFO TraceId[] [main] c.e.s.ShiroApplication.logStartupProfileInfo:593 No active profile set, falling back to default profiles: default
2018-09-08.04:07:13.711  INFO TraceId[] [main] c.e.s.c.RedisConfig.getConnectionFactory:40 JedisConnectionFactory bean init success.......
2018-09-08.04:07:14.859  INFO TraceId[] [main] c.e.s.ShiroApplication.logStarted:57 Started ShiroApplication in 3.777 seconds (JVM running for 5.384)
2018-09-08.14:13:41.527  INFO TraceId[] [main] c.e.s.ShiroApplication.logStarting:48 Starting ShiroApplication on MrDing-PC with PID 10464 (D:\IDEworkspace\springBootTest\shiro\target\classes started by MrDing in D:\IDEworkspace\springBootTest)
2018-09-08.14:13:41.533  INFO TraceId[] [main] c.e.s.ShiroApplication.logStartupProfileInfo:593 No active profile set, falling back to default profiles: default
2018-09-08.14:13:44.178  INFO TraceId[] [main] c.e.s.c.RedisConfig.getConnectionFactory:41 JedisConnectionFactory bean init success.......
2018-09-08.14:13:45.528  INFO TraceId[] [main] c.e.s.ShiroApplication.logStarted:57 Started ShiroApplication in 4.521 seconds (JVM running for 6.039)
2018-09-08.14:14:49.741  INFO TraceId[] [main] c.e.s.ShiroApplication.logStarting:48 Starting ShiroApplication on MrDing-PC with PID 3772 (D:\IDEworkspace\springBootTest\shiro\target\classes started by MrDing in D:\IDEworkspace\springBootTest)
2018-09-08.14:14:49.747  INFO TraceId[] [main] c.e.s.ShiroApplication.logStartupProfileInfo:593 No active profile set, falling back to default profiles: default
2018-09-08.14:14:56.336  INFO TraceId[] [main] c.e.s.ShiroApplication.logStarting:48 Starting ShiroApplication on MrDing-PC with PID 10180 (D:\IDEworkspace\springBootTest\shiro\target\classes started by MrDing in D:\IDEworkspace\springBootTest)
2018-09-08.14:14:56.341  INFO TraceId[] [main] c.e.s.ShiroApplication.logStartupProfileInfo:593 No active profile set, falling back to default profiles: default
2018-09-08.14:14:58.642  INFO TraceId[] [main] c.e.s.c.RedisConfig.getConnectionFactory:41 JedisConnectionFactory bean init success.......
2018-09-08.14:14:59.754  INFO TraceId[] [main] c.e.s.ShiroApplication.logStarted:57 Started ShiroApplication in 3.834 seconds (JVM running for 5.324)
2018-09-08.14:17:38.414  INFO TraceId[] [main] c.e.s.ShiroApplication.logStarting:48 Starting ShiroApplication on MrDing-PC with PID 9020 (D:\IDEworkspace\springBootTest\shiro\target\classes started by MrDing in D:\IDEworkspace\springBootTest)
2018-09-08.14:17:38.419  INFO TraceId[] [main] c.e.s.ShiroApplication.logStartupProfileInfo:593 No active profile set, falling back to default profiles: default
2018-09-08.14:17:40.759  INFO TraceId[] [main] c.e.s.c.RedisConfig.getConnectionFactory:41 JedisConnectionFactory bean init success.......
2018-09-08.14:17:41.854  INFO TraceId[] [main] c.e.s.ShiroApplication.logStarted:57 Started ShiroApplication in 3.792 seconds (JVM running for 5.38)
2018-09-08.14:47:55.885  INFO TraceId[] [main] c.e.s.ShiroApplication.logStarting:48 Starting ShiroApplication on MrDing-PC with PID 3576 (D:\IDEworkspace\springBootTest\shiro\target\classes started by MrDing in D:\IDEworkspace\springBootTest)
2018-09-08.14:47:55.890  INFO TraceId[] [main] c.e.s.ShiroApplication.logStartupProfileInfo:593 No active profile set, falling back to default profiles: default
2018-09-08.14:47:58.414  INFO TraceId[] [main] c.e.s.c.RedisConfig.getConnectionFactory:40 JedisConnectionFactory bean init success.......
2018-09-08.14:47:59.536  INFO TraceId[] [main] c.e.s.ShiroApplication.logStarted:57 Started ShiroApplication in 4.116 seconds (JVM running for 5.701)
2018-09-08.14:51:14.480  INFO TraceId[] [main] c.e.s.ShiroApplication.logStarting:48 Starting ShiroApplication on MrDing-PC with PID 8108 (D:\IDEworkspace\springBootTest\shiro\target\classes started by MrDing in D:\IDEworkspace\springBootTest)
2018-09-08.14:51:14.485  INFO TraceId[] [main] c.e.s.ShiroApplication.logStartupProfileInfo:593 No active profile set, falling back to default profiles: default
2018-09-08.14:51:17.155  INFO TraceId[] [main] c.e.s.c.RedisConfig.getConnectionFactory:40 JedisConnectionFactory bean init success.......
2018-09-08.14:51:18.383  INFO TraceId[] [main] c.e.s.ShiroApplication.logStarted:57 Started ShiroApplication in 4.36 seconds (JVM running for 5.966)
